T120C 6069:398 SEGGER J-Link V4.98e Log File (0000ms, 14259ms total)
T120C 6069:398 DLL Compiled: May  5 2015 11:00:52 (0000ms, 14259ms total)
T120C 6069:398 Logging started @ 2016-05-04 18:12 (0000ms, 14259ms total)
T120C 6069:406 JLINK_ExecCommand("Device = AT91SAM4SD32C", ...)Device "ATSAM4SD32C" selected.  returns 0x00 (0000ms, 14259ms total)
T120C 6069:622 JLINK_ExecCommand("ProjectFile = T:\13.01396-3\Microcontroladores\Entregas\12-TIMER-COUNTER-COMPARE\Timer-Counter\jlink.config", ...)  returns 0x00 (0000ms, 14259ms total)
T120C 6069:630 JLINK_ExecCommand("Device = AT91SAM4SD32C", ...)Device "ATSAM4SD32C" selected.  returns 0x00 (0000ms, 14259ms total)
T120C 6069:630 JLINK_TIF_Select(JLINKARM_TIF_JTAG)  returns 0x00 (0006ms, 14265ms total)
T120C 6069:636 JLINK_GetIdData(...) >0x2F8 JTAG>TotalIRLen = 4, IRPrint = 0x01 >0x30 JTAG> >0x210 JTAG> >0x70 JTAG> >0x40 JTAG> >0x40 JTAG> >0x40 JTAG> >0x48 JTAG> >0x78 JTAG> >0x40 JTAG> >0x30 JTAG> >0x40 JTAG> >0x40 JTAG> >0x30 JTAG> >0x40 JTAG> >0x48 JTAG>Found Cortex-M4 r0p1, Little endian. -- CPU_WriteMem(4 bytes @ 0xE0002000) -- CPU_ReadMem(4 bytes @ 0xE000EDF0) -- CPU_ReadMem(4 bytes @ 0xE0002000)FPUnit: 6 code (BP) slots and 2 literal slots -- CPU_ReadMem(4 bytes @ 0xE000EDFC)
 -- CPU_ReadMem(4 bytes @ 0xE0001000) -- CPU_WriteMem(4 bytes @ 0xE0001000) -- CPU_ReadMem(4 bytes @ 0xE000ED88) -- CPU_WriteMem(4 bytes @ 0xE000ED88) -- CPU_ReadMem(4 bytes @ 0xE000ED88) -- CPU_WriteMem(4 bytes @ 0xE000ED88)CoreSight components:ROMTbl 0 @ E00FF000 -- CPU_ReadMem(16 bytes @ 0xE00FF000) -- CPU_ReadMem(16 bytes @ 0xE000EFF0) -- CPU_ReadMem(16 bytes @ 0xE000EFE0)ROMTbl 0 [0]: FFF0F000, CID: B105E00D, PID: 000BB000 SCS -- CPU_ReadMem(16 bytes @ 0xE0001FF0)
 -- CPU_ReadMem(16 bytes @ 0xE0001FE0)ROMTbl 0 [1]: FFF02000, CID: B105E00D, PID: 003BB002 DWT -- CPU_ReadMem(16 bytes @ 0xE0002FF0) -- CPU_ReadMem(16 bytes @ 0xE0002FE0)ROMTbl 0 [2]: FFF03000, CID: B105E00D, PID: 002BB003 FPB -- CPU_ReadMem(16 bytes @ 0xE0000FF0) -- CPU_ReadMem(16 bytes @ 0xE0000FE0)ROMTbl 0 [3]: FFF01000, CID: B105E00D, PID: 003BB001 ITM -- CPU_ReadMem(16 bytes @ 0xE00FF010) -- CPU_ReadMem(16 bytes @ 0xE0040FF0) -- CPU_ReadMem(16 bytes @ 0xE0040FE0)
ROMTbl 0 [4]: FFF41000, CID: B105900D, PID: 000BB9A1 TPIU ScanLen=4 NumDevices=1 aId[0]=0x4BA00477 aIrRead[0]=0 aScanLen[0]=0 aScanRead[0]=0 (0046ms, 14311ms total)
T120C 6069:682 JLINK_ConfigJTAG(IRPre = 0, DRPre = 0) (0000ms, 14311ms total)
T120C 6069:682 JLINK_SetSpeed(1000) (0001ms, 14312ms total)
T120C 6069:683 JLINK_ResetPullsRESET(OFF) (0000ms, 14312ms total)
T120C 6069:683 JLINK_Connect() >0x2F8 JTAG>TotalIRLen = 4, IRPrint = 0x01 >0x30 JTAG> >0x210 JTAG> >0x70 JTAG> >0x40 JTAG> >0x40 JTAG> >0x40 JTAG> >0x48 JTAG> >0x78 JTAG> >0x40 JTAG> >0x30 JTAG> >0x40 JTAG> >0x40 JTAG> >0x30 JTAG> >0x40 JTAG> >0x48 JTAG>Found Cortex-M4 r0p1, Little endian. -- CPU_WriteMem(4 bytes @ 0xE0002000) -- CPU_ReadMem(4 bytes @ 0xE000EDF0) -- CPU_ReadMem(4 bytes @ 0xE0002000)FPUnit: 6 code (BP) slots and 2 literal slots -- CPU_ReadMem(4 bytes @ 0xE000EDFC)
 -- CPU_ReadMem(4 bytes @ 0xE0001000) -- CPU_WriteMem(4 bytes @ 0xE0001000) -- CPU_ReadMem(4 bytes @ 0xE000ED88) -- CPU_WriteMem(4 bytes @ 0xE000ED88) -- CPU_ReadMem(4 bytes @ 0xE000ED88) -- CPU_WriteMem(4 bytes @ 0xE000ED88)CoreSight components:ROMTbl 0 @ E00FF000 -- CPU_ReadMem(16 bytes @ 0xE00FF000) -- CPU_ReadMem(16 bytes @ 0xE000EFF0) -- CPU_ReadMem(16 bytes @ 0xE000EFE0)ROMTbl 0 [0]: FFF0F000, CID: B105E00D, PID: 000BB000 SCS -- CPU_ReadMem(16 bytes @ 0xE0001FF0)
 -- CPU_ReadMem(16 bytes @ 0xE0001FE0)ROMTbl 0 [1]: FFF02000, CID: B105E00D, PID: 003BB002 DWT -- CPU_ReadMem(16 bytes @ 0xE0002FF0) -- CPU_ReadMem(16 bytes @ 0xE0002FE0)ROMTbl 0 [2]: FFF03000, CID: B105E00D, PID: 002BB003 FPB -- CPU_ReadMem(16 bytes @ 0xE0000FF0) -- CPU_ReadMem(16 bytes @ 0xE0000FE0)ROMTbl 0 [3]: FFF01000, CID: B105E00D, PID: 003BB001 ITM -- CPU_ReadMem(16 bytes @ 0xE00FF010) -- CPU_ReadMem(16 bytes @ 0xE0040FF0) -- CPU_ReadMem(16 bytes @ 0xE0040FE0)
ROMTbl 0 [4]: FFF41000, CID: B105900D, PID: 000BB9A1 TPIU  returns 0x00 (0043ms, 14355ms total)
T120C 6069:726 JLINK_GetDebugInfo(0x100) -- Value=0xE00FF003  returns 0x00 (0001ms, 14356ms total)
T120C 6069:727 JLINK_ReadMem (0xE00FFFF0, 0x0010 Bytes, ...) -- CPU is running -- CPU_ReadMem(16 bytes @ 0xE00FFFF0) - Data: 0D 00 00 00 10 00 00 00 05 00 00 00 B1 00 00 00  returns 0x00 (0002ms, 14358ms total)
T120C 6069:729 JLINK_ReadMem (0xE00FFFD0, 0x0020 Bytes, ...) -- CPU is running -- CPU_ReadMem(32 bytes @ 0xE00FFFD0) - Data: 04 00 00 00 00 00 00 00 00 00 00 00 00 00 00 00 ...  returns 0x00 (0002ms, 14360ms total)
T120C 6069:731 JLINK_ReadMemU32(0xE00FF000, 0x0001 Items, ...) -- CPU is running -- CPU_ReadMem(4 bytes @ 0xE00FF000) - Data: 03 F0 F0 FF  returns 0x01 (0001ms, 14361ms total)
T120C 6069:732 JLINK_ReadMem (0xE000EFF0, 0x0010 Bytes, ...) -- CPU is running -- CPU_ReadMem(16 bytes @ 0xE000EFF0) - Data: 0D 00 00 00 E0 00 00 00 05 00 00 00 B1 00 00 00  returns 0x00 (0001ms, 14362ms total)
T120C 6069:733 JLINK_ReadMem (0xE000EFD0, 0x0020 Bytes, ...) -- CPU is running -- CPU_ReadMem(32 bytes @ 0xE000EFD0) - Data: 04 00 00 00 00 00 00 00 00 00 00 00 00 00 00 00 ...  returns 0x00 (0002ms, 14364ms total)
T120C 6069:735 JLINK_ReadMemU32(0xE00FF004, 0x0001 Items, ...) -- CPU is running -- CPU_ReadMem(4 bytes @ 0xE00FF004) - Data: 03 20 F0 FF  returns 0x01 (0001ms, 14365ms total)
T120C 6069:736 JLINK_ReadMem (0xE0001FF0, 0x0010 Bytes, ...) -- CPU is running -- CPU_ReadMem(16 bytes @ 0xE0001FF0) - Data: 0D 00 00 00 E0 00 00 00 05 00 00 00 B1 00 00 00  returns 0x00 (0001ms, 14366ms total)
T120C 6069:737 JLINK_ReadMem (0xE0001FD0, 0x0020 Bytes, ...) -- CPU is running -- CPU_ReadMem(32 bytes @ 0xE0001FD0) - Data: 04 00 00 00 00 00 00 00 00 00 00 00 00 00 00 00 ...  returns 0x00 (0002ms, 14368ms total)
T120C 6069:739 JLINK_ReadMemU32(0xE00FF008, 0x0001 Items, ...) -- CPU is running -- CPU_ReadMem(4 bytes @ 0xE00FF008) - Data: 03 30 F0 FF  returns 0x01 (0001ms, 14369ms total)
T120C 6069:740 JLINK_ReadMem (0xE0002FF0, 0x0010 Bytes, ...) -- CPU is running -- CPU_ReadMem(16 bytes @ 0xE0002FF0) - Data: 0D 00 00 00 E0 00 00 00 05 00 00 00 B1 00 00 00  returns 0x00 (0001ms, 14370ms total)
T120C 6069:741 JLINK_ReadMem (0xE0002FD0, 0x0020 Bytes, ...) -- CPU is running -- CPU_ReadMem(32 bytes @ 0xE0002FD0) - Data: 04 00 00 00 00 00 00 00 00 00 00 00 00 00 00 00 ...  returns 0x00 (0002ms, 14372ms total)
T120C 6069:743 JLINK_ReadMemU32(0xE00FF00C, 0x0001 Items, ...) -- CPU is running -- CPU_ReadMem(4 bytes @ 0xE00FF00C) - Data: 03 10 F0 FF  returns 0x01 (0001ms, 14373ms total)
T120C 6069:744 JLINK_ReadMem (0xE0000FF0, 0x0010 Bytes, ...) -- CPU is running -- CPU_ReadMem(16 bytes @ 0xE0000FF0) - Data: 0D 00 00 00 E0 00 00 00 05 00 00 00 B1 00 00 00  returns 0x00 (0001ms, 14374ms total)
T120C 6069:745 JLINK_ReadMem (0xE0000FD0, 0x0020 Bytes, ...) -- CPU is running -- CPU_ReadMem(32 bytes @ 0xE0000FD0) - Data: 04 00 00 00 00 00 00 00 00 00 00 00 00 00 00 00 ...  returns 0x00 (0002ms, 14376ms total)
T120C 6069:747 JLINK_ReadMemU32(0xE00FF010, 0x0001 Items, ...) -- CPU is running -- CPU_ReadMem(4 bytes @ 0xE00FF010) - Data: 03 10 F4 FF  returns 0x01 (0001ms, 14377ms total)
T120C 6069:748 JLINK_ReadMem (0xE0040FF0, 0x0010 Bytes, ...) -- CPU is running -- CPU_ReadMem(16 bytes @ 0xE0040FF0) - Data: 0D 00 00 00 90 00 00 00 05 00 00 00 B1 00 00 00  returns 0x00 (0001ms, 14378ms total)
T120C 6069:749 JLINK_ReadMem (0xE0040FD0, 0x0020 Bytes, ...) -- CPU is running -- CPU_ReadMem(32 bytes @ 0xE0040FD0) - Data: 04 00 00 00 00 00 00 00 00 00 00 00 00 00 00 00 ...  returns 0x00 (0002ms, 14380ms total)
T120C 6069:751 JLINK_ReadMemU32(0xE00FF014, 0x0001 Items, ...) -- CPU is running -- CPU_ReadMem(4 bytes @ 0xE00FF014) - Data: 02 20 F4 FF  returns 0x01 (0001ms, 14381ms total)
T120C 6069:752 JLINK_ReadMemU32(0xE00FF018, 0x0001 Items, ...) -- CPU is running -- CPU_ReadMem(4 bytes @ 0xE00FF018) - Data: 00 00 00 00  returns 0x01 (0001ms, 14382ms total)
T120C 6069:753 JLINK_ReadMem (0xE0001000, 0x0004 Bytes, ...) -- CPU is running -- CPU_ReadMem(4 bytes @ 0xE0001000) - Data: 01 00 00 40  returns 0x00 (0001ms, 14383ms total)
T120C 6069:754 JLINK_ReadMem (0xE0001000, 0x0004 Bytes, ...) -- CPU is running -- CPU_ReadMem(4 bytes @ 0xE0001000) - Data: 01 00 00 40  returns 0x00 (0001ms, 14384ms total)
T120C 6069:755 JLINK_ReadMem (0xE0001028, 0x0004 Bytes, ...) -- CPU is running -- CPU_ReadMem(4 bytes @ 0xE0001028) - Data: 00 00 00 00  returns 0x00 (0001ms, 14385ms total)
T120C 6069:756 JLINK_WriteMem(0xE0001028, 0x0004 Bytes, ...) - Data: 00 01 00 00 -- CPU is running -- CPU_WriteMem(4 bytes @ 0xE0001028)  returns 0x04 (0001ms, 14386ms total)
T120C 6069:757 JLINK_ReadMem (0xE0001028, 0x0004 Bytes, ...) -- CPU is running -- CPU_ReadMem(4 bytes @ 0xE0001028) - Data: 00 00 00 00  returns 0x00 (0001ms, 14387ms total)
T120C 6069:758 JLINK_ReadMem (0xE0001038, 0x0004 Bytes, ...) -- CPU is running -- CPU_ReadMem(4 bytes @ 0xE0001038) - Data: 00 02 00 00  returns 0x00 (0001ms, 14388ms total)
T120C 6069:759 JLINK_WriteMem(0xE0001038, 0x0004 Bytes, ...) - Data: 00 03 00 00 -- CPU is running -- CPU_WriteMem(4 bytes @ 0xE0001038)  returns 0x04 (0001ms, 14389ms total)
T120C 6069:760 JLINK_ReadMem (0xE0001038, 0x0004 Bytes, ...) -- CPU is running -- CPU_ReadMem(4 bytes @ 0xE0001038) - Data: 00 03 00 00  returns 0x00 (0001ms, 14390ms total)
T120C 6069:761 JLINK_ReadMem (0xE0001048, 0x0004 Bytes, ...) -- CPU is running -- CPU_ReadMem(4 bytes @ 0xE0001048) - Data: 00 00 00 00  returns 0x00 (0001ms, 14391ms total)
T120C 6069:762 JLINK_WriteMem(0xE0001048, 0x0004 Bytes, ...) - Data: 00 01 00 00 -- CPU is running -- CPU_WriteMem(4 bytes @ 0xE0001048)  returns 0x04 (0001ms, 14392ms total)
T120C 6069:763 JLINK_ReadMem (0xE0001048, 0x0004 Bytes, ...) -- CPU is running -- CPU_ReadMem(4 bytes @ 0xE0001048) - Data: 00 00 00 00  returns 0x00 (0001ms, 14393ms total)
T120C 6069:764 JLINK_ReadMem (0xE0001058, 0x0004 Bytes, ...) -- CPU is running -- CPU_ReadMem(4 bytes @ 0xE0001058) - Data: 00 00 00 00  returns 0x00 (0001ms, 14394ms total)
T120C 6069:765 JLINK_WriteMem(0xE0001058, 0x0004 Bytes, ...) - Data: 00 01 00 00 -- CPU is running -- CPU_WriteMem(4 bytes @ 0xE0001058)  returns 0x04 (0001ms, 14395ms total)
T120C 6069:766 JLINK_ReadMem (0xE0001058, 0x0004 Bytes, ...) -- CPU is running -- CPU_ReadMem(4 bytes @ 0xE0001058) - Data: 00 00 00 00  returns 0x00 (0001ms, 14396ms total)
T120C 6069:767 JLINK_ReadMem (0xE0001024, 0x0004 Bytes, ...) -- CPU is running -- CPU_ReadMem(4 bytes @ 0xE0001024) - Data: 00 00 00 00  returns 0x00 (0001ms, 14397ms total)
T120C 6069:768 JLINK_WriteMem(0xE0001024, 0x0004 Bytes, ...) - Data: 1F 00 00 00 -- CPU is running -- CPU_WriteMem(4 bytes @ 0xE0001024)  returns 0x04 (0001ms, 14398ms total)
T120C 6069:769 JLINK_ReadMem (0xE0001024, 0x0004 Bytes, ...) -- CPU is running -- CPU_ReadMem(4 bytes @ 0xE0001024) - Data: 0F 00 00 00  returns 0x00 (0001ms, 14399ms total)
T120C 6069:770 JLINK_ReadMem (0xE0001034, 0x0004 Bytes, ...) -- CPU is running -- CPU_ReadMem(4 bytes @ 0xE0001034) - Data: 00 00 00 00  returns 0x00 (0001ms, 14400ms total)
T120C 6069:771 JLINK_WriteMem(0xE0001034, 0x0004 Bytes, ...) - Data: 1F 00 00 00 -- CPU is running -- CPU_WriteMem(4 bytes @ 0xE0001034)  returns 0x04 (0001ms, 14401ms total)
T120C 6069:772 JLINK_ReadMem (0xE0001034, 0x0004 Bytes, ...) -- CPU is running -- CPU_ReadMem(4 bytes @ 0xE0001034) - Data: 0F 00 00 00  returns 0x00 (0001ms, 14402ms total)
T120C 6069:773 JLINK_ReadMem (0xE0001044, 0x0004 Bytes, ...) -- CPU is running -- CPU_ReadMem(4 bytes @ 0xE0001044) - Data: 00 00 00 00  returns 0x00 (0001ms, 14403ms total)
T120C 6069:774 JLINK_WriteMem(0xE0001044, 0x0004 Bytes, ...) - Data: 1F 00 00 00 -- CPU is running -- CPU_WriteMem(4 bytes @ 0xE0001044)  returns 0x04 (0001ms, 14404ms total)
T120C 6069:775 JLINK_ReadMem (0xE0001044, 0x0004 Bytes, ...) -- CPU is running -- CPU_ReadMem(4 bytes @ 0xE0001044) - Data: 0F 00 00 00  returns 0x00 (0001ms, 14405ms total)
T120C 6069:776 JLINK_ReadMem (0xE0001054, 0x0004 Bytes, ...) -- CPU is running -- CPU_ReadMem(4 bytes @ 0xE0001054) - Data: 00 00 00 00  returns 0x00 (0001ms, 14406ms total)
T120C 6069:777 JLINK_WriteMem(0xE0001054, 0x0004 Bytes, ...) - Data: 1F 00 00 00 -- CPU is running -- CPU_WriteMem(4 bytes @ 0xE0001054)  returns 0x04 (0001ms, 14407ms total)
T120C 6069:778 JLINK_ReadMem (0xE0001054, 0x0004 Bytes, ...) -- CPU is running -- CPU_ReadMem(4 bytes @ 0xE0001054) - Data: 0F 00 00 00  returns 0x00 (0001ms, 14408ms total)
T120C 6069:779 JLINK_ReadMem (0xE0001028, 0x0004 Bytes, ...) -- CPU is running -- CPU_ReadMem(4 bytes @ 0xE0001028) - Data: 00 00 00 00  returns 0x00 (0001ms, 14409ms total)
T120C 6069:780 JLINK_ReadMem (0xE0001038, 0x0004 Bytes, ...) -- CPU is running -- CPU_ReadMem(4 bytes @ 0xE0001038) - Data: 00 03 00 00  returns 0x00 (0001ms, 14410ms total)
T120C 6069:781 JLINK_ReadMem (0xE0001048, 0x0004 Bytes, ...) -- CPU is running -- CPU_ReadMem(4 bytes @ 0xE0001048) - Data: 00 00 00 00  returns 0x00 (0001ms, 14411ms total)
T120C 6069:782 JLINK_ReadMem (0xE0001058, 0x0004 Bytes, ...) -- CPU is running -- CPU_ReadMem(4 bytes @ 0xE0001058) - Data: 00 00 00 00  returns 0x00 (0001ms, 14412ms total)
T120C 6069:783 JLINK_WriteMem(0xE0001020, 0x0004 Bytes, ...) - Data: 00 00 00 00 -- CPU is running -- CPU_WriteMem(4 bytes @ 0xE0001020)  returns 0x04 (0001ms, 14413ms total)
T120C 6069:784 JLINK_WriteMem(0xE0001024, 0x0004 Bytes, ...) - Data: 00 00 00 00 -- CPU is running -- CPU_WriteMem(4 bytes @ 0xE0001024)  returns 0x04 (0001ms, 14414ms total)
T120C 6069:785 JLINK_WriteMem(0xE0001028, 0x0004 Bytes, ...) - Data: 00 00 00 00 -- CPU is running -- CPU_WriteMem(4 bytes @ 0xE0001028)  returns 0x04 (0001ms, 14415ms total)
T120C 6069:786 JLINK_WriteMem(0xE0001030, 0x0004 Bytes, ...) - Data: 00 00 00 00 -- CPU is running -- CPU_WriteMem(4 bytes @ 0xE0001030)  returns 0x04 (0001ms, 14416ms total)
T120C 6069:787 JLINK_WriteMem(0xE0001034, 0x0004 Bytes, ...) - Data: 00 00 00 00 -- CPU is running -- CPU_WriteMem(4 bytes @ 0xE0001034)  returns 0x04 (0001ms, 14417ms total)
T120C 6069:788 JLINK_WriteMem(0xE0001038, 0x0004 Bytes, ...) - Data: 00 00 00 00 -- CPU is running -- CPU_WriteMem(4 bytes @ 0xE0001038)  returns 0x04 (0001ms, 14418ms total)
T120C 6069:789 JLINK_WriteMem(0xE0001040, 0x0004 Bytes, ...) - Data: 00 00 00 00 -- CPU is running -- CPU_WriteMem(4 bytes @ 0xE0001040)  returns 0x04 (0001ms, 14419ms total)
T120C 6069:790 JLINK_WriteMem(0xE0001044, 0x0004 Bytes, ...) - Data: 00 00 00 00 -- CPU is running -- CPU_WriteMem(4 bytes @ 0xE0001044)  returns 0x04 (0001ms, 14420ms total)
T120C 6069:791 JLINK_WriteMem(0xE0001048, 0x0004 Bytes, ...) - Data: 00 00 00 00 -- CPU is running -- CPU_WriteMem(4 bytes @ 0xE0001048)  returns 0x04 (0001ms, 14421ms total)
T120C 6069:792 JLINK_WriteMem(0xE0001050, 0x0004 Bytes, ...) - Data: 00 00 00 00 -- CPU is running -- CPU_WriteMem(4 bytes @ 0xE0001050)  returns 0x04 (0001ms, 14422ms total)
T120C 6069:793 JLINK_WriteMem(0xE0001054, 0x0004 Bytes, ...) - Data: 00 00 00 00 -- CPU is running -- CPU_WriteMem(4 bytes @ 0xE0001054)  returns 0x04 (0001ms, 14423ms total)
T120C 6069:794 JLINK_WriteMem(0xE0001058, 0x0004 Bytes, ...) - Data: 00 00 00 00 -- CPU is running -- CPU_WriteMem(4 bytes @ 0xE0001058)  returns 0x04 (0001ms, 14424ms total)
T120C 6069:795 JLINK_Halt()  returns 0x00 (0007ms, 14431ms total)
T120C 6069:803 JLINK_WriteMem(0x400E0A04, 0x0004 Bytes, ...) - Data: 0B 01 00 5A -- CPU_WriteMem(4 bytes @ 0x400E0A04)  returns 0x04 (0000ms, 14431ms total)
T120C 6069:803 JLINK_ReadMem (0x400E0A08, 0x0004 Bytes, ...) -- CPU_ReadMem(4 bytes @ 0x400E0A08) - Data: 01 00 00 00  returns 0x00 (0002ms, 14433ms total)
T120C 6069:805 JLINK_WriteMem(0x400E0A04, 0x0004 Bytes, ...) - Data: 0C 02 00 5A -- CPU_WriteMem(4 bytes @ 0x400E0A04)  returns 0x04 (0000ms, 14433ms total)
T120C 6069:805 JLINK_ReadMem (0x400E0A08, 0x0004 Bytes, ...) -- CPU_ReadMem(4 bytes @ 0x400E0A08) - Data: 01 00 00 00  returns 0x00 (0002ms, 14435ms total)
T120C 6069:807 JLINK_Reset() -- CPU_ReadMem(16 bytes @ 0x20000000) -- CPU_WriteMem(16 bytes @ 0x20000000) -- CPU_ReadMem(4 bytes @ 0xE000EDFC) -- CPU_WriteMem(4 bytes @ 0xE000EDFC) -- CPU_ReadMem(4 bytes @ 0xE0001000) -- CPU_WriteMem(4 bytes @ 0xE000EDFC) -- CPU_WriteMem(16 bytes @ 0x20000000) -- CPU_WriteMem(4 bytes @ 0xE0002000) -- CPU_ReadMem(4 bytes @ 0xE000EDFC) -- CPU_ReadMem(4 bytes @ 0xE0001000) (0038ms, 14473ms total)
T120C 6069:846 JLINK_JTAG_GetDeviceID(DeviceIndex = 0)  returns 0x4BA00477 (0000ms, 14473ms total)
T120C 6069:846 JLINK_ReadMemU32(0x400E0740, 0x0001 Items, ...) -- CPU_ReadMem(4 bytes @ 0x400E0740) - Data: E0 0E A7 29  returns 0x01 (0001ms, 14474ms total)
T120C 6069:847 JLINK_ReadMemU32(0x400E0744, 0x0001 Items, ...) -- CPU_ReadMem(4 bytes @ 0x400E0744) - Data: 00 00 00 00  returns 0x01 (0001ms, 14475ms total)
T120C 6069:848 JLINK_WriteMem(0x400E0A04, 0x0004 Bytes, ...) - Data: 05 00 00 5A -- CPU_WriteMem(4 bytes @ 0x400E0A04)  returns 0x04 (0001ms, 14476ms total)
T120C 6069:849 JLINK_WriteMem(0x400E0C04, 0x0004 Bytes, ...) - Data: 05 00 00 5A -- CPU_WriteMem(4 bytes @ 0x400E0C04)  returns 0x04 (0001ms, 14477ms total)
T120C 6069:850 JLINK_ReadMem (0x400E0A08, 0x0004 Bytes, ...) -- CPU_ReadMem(4 bytes @ 0x400E0A08) - Data: 00 00 00 00  returns 0x00 (0001ms, 14478ms total)
T120C 6069:852 JLINK_ReadMem (0x400E0A08, 0x0004 Bytes, ...) -- CPU_ReadMem(4 bytes @ 0x400E0A08) - Data: 00 00 00 00  returns 0x00 (0001ms, 14479ms total)
T1764 6069:856 JLINK_IsHalted()  returns TRUE (0000ms, 14479ms total)
T1764 6069:856 JLINK_GetMOEs(...) -- CPU_ReadMem(4 bytes @ 0xE000ED30) -- CPU_WriteMem(4 bytes @ 0xE000ED30)  returns 0x01 (0002ms, 14481ms total)
T120C 6069:858 JLINK_ReadMem (0x400E0A08, 0x0004 Bytes, ...) -- CPU_ReadMem(4 bytes @ 0x400E0A08) - Data: 00 00 00 00  returns 0x00 (0001ms, 14482ms total)
T1764 6069:859 JLINK_ReadReg(R15 (PC))  returns 0x00401124 (0000ms, 14482ms total)
T120C 6069:875 JLINK_ReadMem (0x400E0A08, 0x0004 Bytes, ...) -- CPU_ReadMem(4 bytes @ 0x400E0A08) - Data: 00 00 00 00  returns 0x00 (0001ms, 14483ms total)
T120C 6069:940 JLINK_ReadMem (0x400E0A08, 0x0004 Bytes, ...) -- CPU_ReadMem(4 bytes @ 0x400E0A08) - Data: 00 00 00 00  returns 0x00 (0001ms, 14484ms total)
T1764 6070:059 JLINK_IsHalted()  returns TRUE (0000ms, 14484ms total)
T120C 6070:197 JLINK_ReadMem (0x400E0A08, 0x0004 Bytes, ...) -- CPU_ReadMem(4 bytes @ 0x400E0A08) - Data: 00 00 00 00  returns 0x00 (0001ms, 14485ms total)
T1764 6070:259 JLINK_IsHalted()  returns TRUE (0000ms, 14485ms total)
T1764 6070:459 JLINK_IsHalted()  returns TRUE (0001ms, 14486ms total)
T1764 6070:660 JLINK_IsHalted()  returns TRUE (0000ms, 14485ms total)
T1764 6070:860 JLINK_IsHalted()  returns TRUE (0001ms, 14486ms total)
T1764 6071:061 JLINK_IsHalted()  returns TRUE (0001ms, 14486ms total)
T120C 6071:198 JLINK_ReadMem (0x400E0A08, 0x0004 Bytes, ...) -- CPU_ReadMem(4 bytes @ 0x400E0A08) - Data: 00 00 00 00  returns 0x00 (0001ms, 14486ms total)
T120C 6071:199 JLINK_ReadMem (0x400E0C08, 0x0004 Bytes, ...) -- CPU_ReadMem(4 bytes @ 0x400E0C08) - Data: 00 00 00 00  returns 0x00 (0001ms, 14487ms total)
T120C 6071:201 JLINK_ReadMem (0x400E0C08, 0x0004 Bytes, ...) -- CPU_ReadMem(4 bytes @ 0x400E0C08) - Data: 00 00 00 00  returns 0x00 (0001ms, 14488ms total)
T120C 6071:206 JLINK_ReadMem (0x400E0C08, 0x0004 Bytes, ...) -- CPU_ReadMem(4 bytes @ 0x400E0C08) - Data: 00 00 00 00  returns 0x00 (0001ms, 14489ms total)
T120C 6071:223 JLINK_ReadMem (0x400E0C08, 0x0004 Bytes, ...) -- CPU_ReadMem(4 bytes @ 0x400E0C08) - Data: 00 00 00 00  returns 0x00 (0001ms, 14490ms total)
T1764 6071:262 JLINK_IsHalted()  returns TRUE (0000ms, 14490ms total)
T120C 6071:288 JLINK_ReadMem (0x400E0C08, 0x0004 Bytes, ...) -- CPU_ReadMem(4 bytes @ 0x400E0C08) - Data: 00 00 00 00  returns 0x00 (0001ms, 14491ms total)
T1764 6071:462 JLINK_IsHalted()  returns TRUE (0000ms, 14491ms total)
T120C 6071:545 JLINK_ReadMem (0x400E0C08, 0x0004 Bytes, ...) -- CPU_ReadMem(4 bytes @ 0x400E0C08) - Data: 00 00 00 00  returns 0x00 (0001ms, 14492ms total)
T1764 6071:662 JLINK_IsHalted()  returns TRUE (0001ms, 14493ms total)
T1764 6071:863 JLINK_IsHalted()  returns TRUE (0001ms, 14493ms total)
T1764 6072:064 JLINK_IsHalted()  returns TRUE (0000ms, 14492ms total)
T1764 6072:264 JLINK_IsHalted()  returns TRUE (0001ms, 14493ms total)
T1764 6072:466 JLINK_IsHalted()  returns TRUE (0000ms, 14492ms total)
T120C 6072:547 JLINK_ReadMem (0x400E0C08, 0x0004 Bytes, ...) -- CPU_ReadMem(4 bytes @ 0x400E0C08) - Data: 00 00 00 00  returns 0x00 (0001ms, 14493ms total)
T120C 6072:548 JLINK_ReadMem (0x400E0A08, 0x0004 Bytes, ...) -- CPU_ReadMem(4 bytes @ 0x400E0A08) - Data: 00 00 00 00  returns 0x00 (0001ms, 14494ms total)
T120C 6072:550 JLINK_ReadMem (0x400E0A08, 0x0004 Bytes, ...) -- CPU_ReadMem(4 bytes @ 0x400E0A08) - Data: 00 00 00 00  returns 0x00 (0001ms, 14495ms total)
T120C 6072:555 JLINK_ReadMem (0x400E0A08, 0x0004 Bytes, ...) -- CPU_ReadMem(4 bytes @ 0x400E0A08) - Data: 00 00 00 00  returns 0x00 (0001ms, 14496ms total)
T120C 6072:572 JLINK_ReadMem (0x400E0A08, 0x0004 Bytes, ...) -- CPU_ReadMem(4 bytes @ 0x400E0A08) - Data: 00 00 00 00  returns 0x00 (0001ms, 14497ms total)
T120C 6072:637 JLINK_ReadMem (0x400E0A08, 0x0004 Bytes, ...) -- CPU_ReadMem(4 bytes @ 0x400E0A08) - Data: 00 00 00 00  returns 0x00 (0001ms, 14498ms total)
T1764 6072:666 JLINK_IsHalted()  returns TRUE (0000ms, 14498ms total)
T1764 6072:866 JLINK_IsHalted()  returns TRUE (0002ms, 14500ms total)
T120C 6072:894 JLINK_ReadMem (0x400E0A08, 0x0004 Bytes, ...) -- CPU_ReadMem(4 bytes @ 0x400E0A08) - Data: 00 00 00 00  returns 0x00 (0001ms, 14499ms total)
T1764 6073:068 JLINK_IsHalted()  returns TRUE (0000ms, 14499ms total)
T1764 6073:268 JLINK_IsHalted()  returns TRUE (0000ms, 14499ms total)
T1764 6073:468 JLINK_IsHalted()  returns TRUE (0001ms, 14500ms total)
T1764 6073:669 JLINK_IsHalted()  returns TRUE (0000ms, 14499ms total)
T1764 6073:869 JLINK_IsHalted()  returns TRUE (0001ms, 14500ms total)
T120C 6073:895 JLINK_ReadMem (0x400E0A08, 0x0004 Bytes, ...) -- CPU_ReadMem(4 bytes @ 0x400E0A08) - Data: 00 00 00 00  returns 0x00 (0001ms, 14500ms total)
T120C 6073:896 JLINK_ReadMem (0x400E0C08, 0x0004 Bytes, ...) -- CPU_ReadMem(4 bytes @ 0x400E0C08) - Data: 00 00 00 00  returns 0x00 (0001ms, 14501ms total)
T120C 6073:898 JLINK_ReadMem (0x400E0C08, 0x0004 Bytes, ...) -- CPU_ReadMem(4 bytes @ 0x400E0C08) - Data: 00 00 00 00  returns 0x00 (0001ms, 14502ms total)
T120C 6073:903 JLINK_ReadMem (0x400E0C08, 0x0004 Bytes, ...) -- CPU_ReadMem(4 bytes @ 0x400E0C08) - Data: 00 00 00 00  returns 0x00 (0001ms, 14503ms total)
T120C 6073:920 JLINK_ReadMem (0x400E0C08, 0x0004 Bytes, ...) -- CPU_ReadMem(4 bytes @ 0x400E0C08) - Data: 00 00 00 00  returns 0x00 (0001ms, 14504ms total)
T120C 6073:985 JLINK_ReadMem (0x400E0C08, 0x0004 Bytes, ...) -- CPU_ReadMem(4 bytes @ 0x400E0C08) - Data: 00 00 00 00  returns 0x00 (0001ms, 14505ms total)
T1764 6074:070 JLINK_IsHalted()  returns TRUE (0001ms, 14506ms total)
T120C 6074:242 JLINK_ReadMem (0x400E0C08, 0x0004 Bytes, ...) -- CPU_ReadMem(4 bytes @ 0x400E0C08) - Data: 00 00 00 00  returns 0x00 (0001ms, 14506ms total)
T1764 6074:271 JLINK_IsHalted()  returns TRUE (0000ms, 14506ms total)
T1764 6074:471 JLINK_IsHalted()  returns TRUE (0000ms, 14506ms total)
T1764 6074:671 JLINK_IsHalted()  returns TRUE (0001ms, 14507ms total)
T1764 6074:872 JLINK_IsHalted()  returns TRUE (0001ms, 14507ms total)
T1764 6075:073 JLINK_IsHalted()  returns TRUE (0000ms, 14506ms total)
T120C 6075:243 JLINK_ReadMem (0x400E0C08, 0x0004 Bytes, ...) -- CPU_ReadMem(4 bytes @ 0x400E0C08) - Data: 01 00 00 00  returns 0x00 (0001ms, 14507ms total)
T120C 6075:244 JLINK_ReadMem (0x400E0A08, 0x0004 Bytes, ...) -- CPU_ReadMem(4 bytes @ 0x400E0A08) - Data: 01 00 00 00  returns 0x00 (0001ms, 14508ms total)
T1764 6075:273 JLINK_IsHalted()  returns TRUE (0001ms, 14509ms total)
T120C 6075:274 JLINK_ResetPullsRESET(ON) (0000ms, 14508ms total)
T120C 6075:274 JLINK_ResetNoHalt() >0x2F8 JTAG>TotalIRLen = 4, IRPrint = 0x01 >0x30 JTAG> >0x210 JTAG> >0x70 JTAG> >0x40 JTAG> >0x40 JTAG> >0x40 JTAG> >0x48 JTAG> >0x78 JTAG> >0x40 JTAG> >0x30 JTAG> >0x40 JTAG> >0x40 JTAG> >0x30 JTAG> >0x40 JTAG> >0x48 JTAG>Found Cortex-M4 r0p1, Little endian. -- CPU_WriteMem(4 bytes @ 0xE0002000) -- CPU_ReadMem(4 bytes @ 0xE000EDF0) -- CPU_ReadMem(4 bytes @ 0xE0002000)FPUnit: 6 code (BP) slots and 2 literal slots -- CPU_ReadMem(4 bytes @ 0xE000EDFC)
 -- CPU_ReadMem(4 bytes @ 0xE0001000) -- CPU_ReadMem(4 bytes @ 0xE000ED88) -- CPU_WriteMem(4 bytes @ 0xE000ED88) -- CPU_ReadMem(4 bytes @ 0xE000ED88) -- CPU_WriteMem(4 bytes @ 0xE000ED88)CoreSight components:ROMTbl 0 @ E00FF000 -- CPU_ReadMem(16 bytes @ 0xE00FF000) -- CPU_ReadMem(16 bytes @ 0xE000EFF0) -- CPU_ReadMem(16 bytes @ 0xE000EFE0)ROMTbl 0 [0]: FFF0F000, CID: B105E00D, PID: 000BB000 SCS -- CPU_WriteMem(4 bytes @ 0xE0001000) -- CPU_ReadMem(16 bytes @ 0xE0001FF0)
 -- CPU_ReadMem(16 bytes @ 0xE0001FE0)ROMTbl 0 [1]: FFF02000, CID: B105E00D, PID: 003BB002 DWT -- CPU_ReadMem(16 bytes @ 0xE0002FF0) -- CPU_ReadMem(16 bytes @ 0xE0002FE0)ROMTbl 0 [2]: FFF03000, CID: B105E00D, PID: 002BB003 FPB -- CPU_ReadMem(16 bytes @ 0xE0000FF0) -- CPU_ReadMem(16 bytes @ 0xE0000FE0)ROMTbl 0 [3]: FFF01000, CID: B105E00D, PID: 003BB001 ITM -- CPU_ReadMem(16 bytes @ 0xE00FF010) -- CPU_ReadMem(16 bytes @ 0xE0040FF0) -- CPU_ReadMem(16 bytes @ 0xE0040FE0)
ROMTbl 0 [4]: FFF41000, CID: B105900D, PID: 000BB9A1 TPIU
                JLINK_Reset() -- CPU_ReadMem(16 bytes @ 0x20000000) -- CPU_WriteMem(16 bytes @ 0x20000000) -- CPU_ReadMem(4 bytes @ 0xE000EDFC) -- CPU_WriteMem(4 bytes @ 0xE000EDFC) -- CPU_ReadMem(4 bytes @ 0xE0001000) -- CPU_WriteMem(4 bytes @ 0xE0001004) -- CPU_WriteMem(4 bytes @ 0xE000EDFC) -- CPU_WriteMem(16 bytes @ 0x20000000) -- CPU_WriteMem(4 bytes @ 0xE0002000) -- CPU_ReadMem(4 bytes @ 0xE000EDFC) -- CPU_ReadMem(4 bytes @ 0xE0001000) (0039ms, 0039ms total)
                JLINK_Go() -- CPU_ReadMem(4 bytes @ 0xE0001000) -- CPU_WriteMem(4 bytes @ 0xE0001004) (0003ms, 0042ms total)
               (0085ms, 14593ms total)
T120C 6075:360 JLINK_ExecCommand("ProjectFile = T:\13.01396-3\Microcontroladores\Entregas\12-TIMER-COUNTER-COMPARE\Timer-Counter\jlink.config", ...)  returns 0x00 (0000ms, 14593ms total)
T120C 6075:367 JLINK_ExecCommand("Device = AT91SAM4SD32C", ...)Device "ATSAM4SD32C" selected.  returns 0x00 (0001ms, 14594ms total)
T120C 6075:368 JLINK_TIF_Select(JLINKARM_TIF_JTAG)  returns 0x00 (0000ms, 14594ms total)
T120C 6075:368 JLINK_GetIdData(...) ScanLen=4 NumDevices=1 aId[0]=0x4BA00477 aIrRead[0]=0 aScanLen[0]=0 aScanRead[0]=0 (0000ms, 14594ms total)
T120C 6075:368 JLINK_ConfigJTAG(IRPre = 0, DRPre = 0) (0000ms, 14594ms total)
T120C 6075:368 JLINK_SetSpeed(4000) (0000ms, 14594ms total)
T120C 6075:368 JLINK_ResetPullsRESET(OFF) (0000ms, 14594ms total)
T120C 6075:368 JLINK_Connect() >0x2F8 JTAG>TotalIRLen = 4, IRPrint = 0x01 >0x30 JTAG> >0x210 JTAG> >0x70 JTAG> >0x40 JTAG> >0x40 JTAG> >0x40 JTAG> >0x48 JTAG> >0x78 JTAG> >0x40 JTAG> >0x30 JTAG> >0x40 JTAG> >0x40 JTAG> >0x30 JTAG> >0x40 JTAG> >0x48 JTAG>Found Cortex-M4 r0p1, Little endian. -- CPU_WriteMem(4 bytes @ 0xE0002000) -- CPU_ReadMem(4 bytes @ 0xE000EDF0) -- CPU_ReadMem(4 bytes @ 0xE0002000)FPUnit: 6 code (BP) slots and 2 literal slots -- CPU_ReadMem(4 bytes @ 0xE000EDFC)
 -- CPU_ReadMem(4 bytes @ 0xE0001000) -- CPU_WriteMem(4 bytes @ 0xE0001000) -- CPU_ReadMem(4 bytes @ 0xE000ED88) -- CPU_WriteMem(4 bytes @ 0xE000ED88) -- CPU_ReadMem(4 bytes @ 0xE000ED88) -- CPU_WriteMem(4 bytes @ 0xE000ED88)CoreSight components:ROMTbl 0 @ E00FF000 -- CPU_ReadMem(16 bytes @ 0xE00FF000) -- CPU_ReadMem(16 bytes @ 0xE000EFF0) -- CPU_ReadMem(16 bytes @ 0xE000EFE0)ROMTbl 0 [0]: FFF0F000, CID: B105E00D, PID: 000BB000 SCS -- CPU_ReadMem(16 bytes @ 0xE0001FF0)
 -- CPU_ReadMem(16 bytes @ 0xE0001FE0)ROMTbl 0 [1]: FFF02000, CID: B105E00D, PID: 003BB002 DWT -- CPU_ReadMem(16 bytes @ 0xE0002FF0) -- CPU_ReadMem(16 bytes @ 0xE0002FE0)ROMTbl 0 [2]: FFF03000, CID: B105E00D, PID: 002BB003 FPB -- CPU_ReadMem(16 bytes @ 0xE0000FF0) -- CPU_ReadMem(16 bytes @ 0xE0000FE0)ROMTbl 0 [3]: FFF01000, CID: B105E00D, PID: 003BB001 ITM -- CPU_ReadMem(16 bytes @ 0xE00FF010) -- CPU_ReadMem(16 bytes @ 0xE0040FF0) -- CPU_ReadMem(16 bytes @ 0xE0040FE0)
ROMTbl 0 [4]: FFF41000, CID: B105900D, PID: 000BB9A1 TPIU  returns 0x00 (0041ms, 14635ms total)
T120C 6075:409 JLINK_WriteMem(0xE0001020, 0x0004 Bytes, ...) - Data: 00 00 00 00 -- CPU is running -- CPU_WriteMem(4 bytes @ 0xE0001020)  returns 0x04 (0002ms, 14637ms total)
T120C 6075:411 JLINK_WriteMem(0xE0001024, 0x0004 Bytes, ...) - Data: 00 00 00 00 -- CPU is running -- CPU_WriteMem(4 bytes @ 0xE0001024)  returns 0x04 (0001ms, 14638ms total)
T120C 6075:412 JLINK_WriteMem(0xE0001028, 0x0004 Bytes, ...) - Data: 00 00 00 00 -- CPU is running -- CPU_WriteMem(4 bytes @ 0xE0001028)  returns 0x04 (0001ms, 14639ms total)
T120C 6075:413 JLINK_WriteMem(0xE0001030, 0x0004 Bytes, ...) - Data: 00 00 00 00 -- CPU is running -- CPU_WriteMem(4 bytes @ 0xE0001030)  returns 0x04 (0001ms, 14640ms total)
T120C 6075:414 JLINK_WriteMem(0xE0001034, 0x0004 Bytes, ...) - Data: 00 00 00 00 -- CPU is running -- CPU_WriteMem(4 bytes @ 0xE0001034)  returns 0x04 (0001ms, 14641ms total)
T120C 6075:415 JLINK_WriteMem(0xE0001038, 0x0004 Bytes, ...) - Data: 00 00 00 00 -- CPU is running -- CPU_WriteMem(4 bytes @ 0xE0001038)  returns 0x04 (0001ms, 14642ms total)
T120C 6075:416 JLINK_WriteMem(0xE0001040, 0x0004 Bytes, ...) - Data: 00 00 00 00 -- CPU is running -- CPU_WriteMem(4 bytes @ 0xE0001040)  returns 0x04 (0001ms, 14643ms total)
T120C 6075:417 JLINK_WriteMem(0xE0001044, 0x0004 Bytes, ...) - Data: 00 00 00 00 -- CPU is running -- CPU_WriteMem(4 bytes @ 0xE0001044)  returns 0x04 (0001ms, 14644ms total)
T120C 6075:418 JLINK_WriteMem(0xE0001048, 0x0004 Bytes, ...) - Data: 00 00 00 00 -- CPU is running -- CPU_WriteMem(4 bytes @ 0xE0001048)  returns 0x04 (0001ms, 14645ms total)
T120C 6075:419 JLINK_WriteMem(0xE0001050, 0x0004 Bytes, ...) - Data: 00 00 00 00 -- CPU is running -- CPU_WriteMem(4 bytes @ 0xE0001050)  returns 0x04 (0001ms, 14646ms total)
T120C 6075:420 JLINK_WriteMem(0xE0001054, 0x0004 Bytes, ...) - Data: 00 00 00 00 -- CPU is running -- CPU_WriteMem(4 bytes @ 0xE0001054)  returns 0x04 (0001ms, 14647ms total)
T120C 6075:421 JLINK_WriteMem(0xE0001058, 0x0004 Bytes, ...) - Data: 00 00 00 00 -- CPU is running -- CPU_WriteMem(4 bytes @ 0xE0001058)  returns 0x04 (0001ms, 14648ms total)
T120C 6075:422 JLINK_Halt()  returns 0x00 (0004ms, 14652ms total)
T120C 6075:426 JLINK_WriteMem(0x400E0A04, 0x0004 Bytes, ...) - Data: 0B 01 00 5A -- CPU_WriteMem(4 bytes @ 0x400E0A04)  returns 0x04 (0001ms, 14653ms total)
T120C 6075:427 JLINK_ReadMem (0x400E0A08, 0x0004 Bytes, ...) -- CPU_ReadMem(4 bytes @ 0x400E0A08) - Data: 01 00 00 00  returns 0x00 (0001ms, 14654ms total)
T120C 6075:428 JLINK_WriteMem(0x400E0A04, 0x0004 Bytes, ...) - Data: 0C 02 00 5A -- CPU_WriteMem(4 bytes @ 0x400E0A04)  returns 0x04 (0001ms, 14655ms total)
T120C 6075:429 JLINK_ReadMem (0x400E0A08, 0x0004 Bytes, ...) -- CPU_ReadMem(4 bytes @ 0x400E0A08) - Data: 01 00 00 00  returns 0x00 (0001ms, 14656ms total)
T120C 6075:430 JLINK_Reset() -- CPU_ReadMem(16 bytes @ 0x20000000) -- CPU_WriteMem(16 bytes @ 0x20000000) -- CPU_ReadMem(4 bytes @ 0xE000EDFC) -- CPU_WriteMem(4 bytes @ 0xE000EDFC) -- CPU_ReadMem(4 bytes @ 0xE0001000) -- CPU_WriteMem(4 bytes @ 0xE000EDFC) -- CPU_WriteMem(16 bytes @ 0x20000000) -- CPU_WriteMem(4 bytes @ 0xE0002000) -- CPU_ReadMem(4 bytes @ 0xE000EDFC) -- CPU_ReadMem(4 bytes @ 0xE0001000) (0029ms, 14685ms total)
T120C 6075:460 JLINK_JTAG_GetDeviceID(DeviceIndex = 0)  returns 0x4BA00477 (0000ms, 14685ms total)
T120C 6075:460 JLINK_ReadMemU32(0x400E0740, 0x0001 Items, ...) -- CPU_ReadMem(4 bytes @ 0x400E0740) - Data: E0 0E A7 29  returns 0x01 (0001ms, 14686ms total)
T120C 6075:461 JLINK_ReadMemU32(0x400E0744, 0x0001 Items, ...) -- CPU_ReadMem(4 bytes @ 0x400E0744) - Data: 00 00 00 00  returns 0x01 (0001ms, 14687ms total)
T120C 6075:465 JLINK_BeginDownload(Flags = 0x00) (0000ms, 14687ms total)
T120C 6075:465 JLINK_WriteMem(0x00400000, 0x21DC Bytes, ...) - Data: D8 34 00 20 25 11 40 00 ED 11 40 00 ED 11 40 00 ...  returns 0x21DC (0000ms, 14687ms total)
T120C 6075:465 JLINK_WriteMem(0x004021DC, 0x0438 Bytes, ...) - Data: 01 00 00 00 00 00 20 00 00 09 3D 00 00 00 00 00 ...  returns 0x438 (0000ms, 14687ms total)
T1770 6075:470 JLINK_IsHalted()  returns TRUE (0000ms, 14687ms total)
T1770 6075:470 JLINK_GetMOEs(...) -- CPU_ReadMem(4 bytes @ 0xE000ED30) -- CPU_WriteMem(4 bytes @ 0xE000ED30)  returns 0x01 (0002ms, 14689ms total)
T1770 6075:472 JLINK_ReadReg(R15 (PC)) -- -------------------------------------- -- Start of determining dirty areas in flash cache -- End of determining dirty areas -- Start of preparing flash programming -- Calculating RAM usage -- RAM usage = 2884 Bytes -- Preserving registers -- Preparing memory -- Determining CPU clock frequency -- CPU clock frequency: 4116 kHz -- CPU frequency = 4116 kHz -- Preparing target -- Downloading RAMCode -- Using alternate TurboMode RAMCode -- Checking target RAM
 -- Preparing RAMCode -- End of preparing flash programmingCPU is running at low speed (4116 kHz). -- CPU is running at 4116 kHz. -- Start of comparing flash -- Read back was estimated as fastest method -- Comparing range 0x400000 - 0x4027FF (20 Sectors, 10 KB), using multi-block CRC calculation -- CPU is running -- CPU_ReadMem(512 bytes @ 0x00400000) -- CPU is running -- CPU_ReadMem(512 bytes @ 0x00400200) -- CPU is running -- CPU_ReadMem(512 bytes @ 0x00400400) -- CPU is running
 -- CPU_ReadMem(512 bytes @ 0x00400600) -- CPU is running -- CPU_ReadMem(512 bytes @ 0x00400800) -- CPU is running -- CPU_ReadMem(512 bytes @ 0x00400A00) -- CPU is running -- CPU_ReadMem(512 bytes @ 0x00400C00) -- CPU is running -- CPU_ReadMem(512 bytes @ 0x00400E00) -- CPU is running -- CPU_ReadMem(512 bytes @ 0x00401000) -- CPU is running -- CPU_ReadMem(512 bytes @ 0x00401200) -- CPU is running -- CPU_ReadMem(512 bytes @ 0x00401400) -- CPU is running -- CPU_ReadMem(512 bytes @ 0x00401600)
 -- CPU is running -- CPU_ReadMem(512 bytes @ 0x00401800) -- CPU is running -- CPU_ReadMem(512 bytes @ 0x00401A00) -- CPU is running -- CPU_ReadMem(512 bytes @ 0x00401C00) -- CPU is running -- CPU_ReadMem(512 bytes @ 0x00401E00) -- CPU is running -- CPU_ReadMem(512 bytes @ 0x00402000) -- CPU is running -- CPU_ReadMem(512 bytes @ 0x00402200) -- CPU is running -- CPU_ReadMem(512 bytes @ 0x00402400) -- CPU is running -- CPU_ReadMem(512 bytes @ 0x00402600) -- CRC does not match for sectors 0-19
 -- End of comparing flash -- Start of erasing sectors -- End of erasing sectors -- Start of flash programming -- Programming range 0x00400000 - 0x004027FF (020 Sectors, 10 KB) -- End of flash programming -- Flash programming performed for 1 range (10240 bytes) -- 0x400000 - 0x4027FF (020 Sectors, 10 KB) -- Start of verifying flash -- Checksum calculation was estimated as fastest method -- End of verifying flash -- Start of restoring -- Restore RAMCode -- Restore content of target memory
 -- Restore target -- Restore memory -- Restore content of registers -- End of restoring -- Total time needed: 0.332s (Prepare: 0.089s, Compare: 0.085s, Erase: 0.000s, Program: 0.144s, Verify: 0.005s, Restore: 0.006s)  returns 0xFFFFFFFE (0335ms, 15024ms total)
T2088 6075:912 JLINK_Halt()  returns 0x00 (0002ms, 15026ms total)
T2088 6075:914 JLINK_ReadReg(R15 (PC))  returns 0xFFFFFFFE (0000ms, 15026ms total)
T2088 6075:914 JLINK_ReadReg(R13 (SP))  returns 0xFFFFFFFC (0000ms, 15026ms total)
T1770 6076:007 JLINK_IsHalted()  returns TRUE (0001ms, 15027ms total)
T2088 6076:011 JLINK_ReadReg(R0)  returns 0x400E1400 (0000ms, 15026ms total)
T2088 6076:011 JLINK_ReadReg(R1)  returns 0x40C00000 (0000ms, 15026ms total)
T2088 6076:011 JLINK_ReadReg(R2)  returns 0xA5000005 (0000ms, 15026ms total)
T2088 6076:011 JLINK_ReadReg(R3)  returns 0x20000000 (0000ms, 15026ms total)
T2088 6076:011 JLINK_ReadReg(R4)  returns 0x004005D5 (0000ms, 15026ms total)
T2088 6076:011 JLINK_ReadReg(R5)  returns 0xAC3EE8DE (0000ms, 15026ms total)
T2088 6076:011 JLINK_ReadReg(R6)  returns 0xC3869C7B (0000ms, 15026ms total)
T2088 6076:011 JLINK_ReadReg(R7)  returns 0x20003428 (0000ms, 15026ms total)
T2088 6076:011 JLINK_ReadReg(R8)  returns 0x929E2004 (0000ms, 15026ms total)
T2088 6076:011 JLINK_ReadReg(R9)  returns 0x25291B43 (0000ms, 15026ms total)
T2088 6076:011 JLINK_ReadReg(R10)  returns 0x837319DF (0000ms, 15026ms total)
T2088 6076:011 JLINK_ReadReg(R11)  returns 0x22BEAD46 (0000ms, 15026ms total)
T2088 6076:011 JLINK_ReadReg(R12)  returns 0x8BD238EA (0000ms, 15026ms total)
T2088 6076:011 JLINK_ReadReg(R13 (SP))  returns 0xFFFFFFFC (0000ms, 15026ms total)
T2088 6076:011 JLINK_ReadReg(R14)  returns 0xFFFFFFFF (0000ms, 15026ms total)
T2088 6076:011 JLINK_ReadReg(R15 (PC))  returns 0xFFFFFFFE (0000ms, 15026ms total)
T2088 6076:011 JLINK_ReadReg(XPSR)  returns 0x01000000 (0000ms, 15026ms total)
T2088 6076:011 JLINK_ReadReg(MSP)  returns 0xFFFFFFFC (0000ms, 15026ms total)
T2088 6076:012 JLINK_ReadReg(PSP)  returns 0xB64C186C (0000ms, 15026ms total)
T2088 6076:012 JLINK_ReadReg(PRIMASK)  returns 0x00000000 (0000ms, 15026ms total)
T2088 6076:012 JLINK_ReadReg(BASEPRI)  returns 0x00000000 (0000ms, 15026ms total)
T2088 6076:012 JLINK_ReadReg(FAULTMASK)  returns 0x00000000 (0000ms, 15026ms total)
T2088 6076:012 JLINK_ReadReg(CONTROL)  returns 0x00000000 (0000ms, 15026ms total)
T2088 6076:022 JLINK_EndDownload()  returns 0x00 (0000ms, 15026ms total)
T2088 6076:022 JLINK_Reset() -- CPU_ReadMem(16 bytes @ 0x20000000) -- CPU_WriteMem(16 bytes @ 0x20000000) -- CPU_ReadMem(4 bytes @ 0xE000EDFC) -- CPU_WriteMem(4 bytes @ 0xE000EDFC) -- CPU_ReadMem(4 bytes @ 0xE0001000) -- CPU_WriteMem(4 bytes @ 0xE000EDFC) -- CPU_WriteMem(16 bytes @ 0x20000000) -- CPU_WriteMem(4 bytes @ 0xE0002000) -- CPU_ReadMem(4 bytes @ 0xE000EDFC) -- CPU_ReadMem(4 bytes @ 0xE0001000) (0030ms, 15056ms total)
T1770 6076:052 JLINK_IsHalted()  returns TRUE (0000ms, 15056ms total)
T1770 6076:052 JLINK_GetMOEs(...) -- CPU_ReadMem(4 bytes @ 0xE000ED30) -- CPU_WriteMem(4 bytes @ 0xE000ED30)  returns 0x01 (0002ms, 15058ms total)
T1770 6076:054 JLINK_ReadReg(R15 (PC))  returns 0x00401124 (0000ms, 15058ms total)
T2088 6076:062 JLINK_ReadReg(R15 (PC))  returns 0x00401124 (0000ms, 15058ms total)
T2088 6076:062 JLINK_ReadReg(R13 (SP))  returns 0x200034D8 (0000ms, 15058ms total)
T2088 6076:067 JLINK_ReadMemHW(0x00401124, 0x0004 Bytes, ...) -- CPU_ReadMem(4 bytes @ 0x00401124) - Data: 80 B5 84 B0  returns 0x00 (0001ms, 15059ms total)
T2088 6076:099 JLINK_ReadMemHW(0x0040180C, 0x0001 Bytes, ...) -- CPU_ReadMem(1 bytes @ 0x0040180C) - Data: 90  returns 0x00 (0001ms, 15060ms total)
T2088 6076:141 JLINK_ReadReg(R15 (PC))  returns 0x00401124 (0000ms, 15060ms total)
T2088 6076:141 JLINK_GetNumBPUnits(Type = 0xFFFFFF02)  returns 0x06 (0000ms, 15060ms total)
T2088 6076:141 JLINK_SetBPEx(Addr = 0x0040180C, Type = 0xFFFFFF02)  returns 0x00000001 (0000ms, 15060ms total)
T2088 6076:141 JLINK_GetBPInfo(BPHandle = 1)  returns 0x00 (0000ms, 15060ms total)
T2088 6076:141 JLINK_Go() -- CPU_ReadMem(4 bytes @ 0xE0001000) -- CPU_WriteMem(4 bytes @ 0xE0002008) -- CPU_WriteMem(4 bytes @ 0xE000200C) -- CPU_WriteMem(4 bytes @ 0xE0002010) -- CPU_WriteMem(4 bytes @ 0xE0002014) -- CPU_WriteMem(4 bytes @ 0xE0002018) -- CPU_WriteMem(4 bytes @ 0xE000201C) -- CPU_WriteMem(4 bytes @ 0xE0001004) (0009ms, 15069ms total)
T1770 6076:150 JLINK_IsHalted()  returns FALSE (0001ms, 15070ms total)
T1770 6076:171 JLINK_IsHalted()  returns TRUE (0004ms, 15073ms total)
T1770 6076:175 JLINK_GetMOEs(...) -- CPU_ReadMem(4 bytes @ 0xE000ED30) -- CPU_WriteMem(4 bytes @ 0xE000ED30)  returns 0x01 (0002ms, 15071ms total)
T1770 6076:177 JLINK_ReadReg(R15 (PC))  returns 0x0040180C (0000ms, 15071ms total)
T1770 6076:177 JLINK_GetBPInfo(BPHandle = 1)  returns 0x00 (0000ms, 15071ms total)
T1770 6076:177 JLINK_ClrBPEx(BPHandle = 0x00000001)  returns 0x00 (0000ms, 15071ms total)
T2088 6076:180 JLINK_ReadReg(R15 (PC))  returns 0x0040180C (0000ms, 15071ms total)
T2088 6076:180 JLINK_ReadReg(R13 (SP))  returns 0x200034C0 (0000ms, 15071ms total)
T2088 6076:180 JLINK_ReadMemHW(0x0040180C, 0x0004 Bytes, ...) -- CPU_ReadMem(4 bytes @ 0x0040180C) - Data: 90 B5 83 B0  returns 0x00 (0001ms, 15072ms total)
T2088 6076:242 JLINK_ReadReg(R15 (PC))  returns 0x0040180C (0000ms, 15072ms total)
T2088 6076:242 JLINK_Go() -- CPU_ReadMem(4 bytes @ 0xE0001000) -- CPU_WriteMem(4 bytes @ 0xE0002008) (0003ms, 15075ms total)
T1770 6076:245 JLINK_IsHalted()  returns FALSE (0001ms, 15076ms total)
T1770 6076:286 JLINK_IsHalted()  returns FALSE (0001ms, 15076ms total)
T1770 6076:447 JLINK_IsHalted()  returns FALSE (0001ms, 15076ms total)
T1770 6077:088 JLINK_IsHalted()  returns FALSE (0002ms, 15077ms total)
T1770 6077:730 JLINK_IsHalted()  returns FALSE (0001ms, 15076ms total)
T1770 6078:371 JLINK_IsHalted()  returns FALSE (0002ms, 15077ms total)
T1770 6079:013 JLINK_IsHalted()  returns FALSE (0001ms, 15076ms total)
T1770 6079:654 JLINK_IsHalted()  returns FALSE (0002ms, 15077ms total)
T1770 6080:296 JLINK_IsHalted()  returns FALSE (0001ms, 15076ms total)
T1770 6080:937 JLINK_IsHalted()  returns FALSE (0002ms, 15077ms total)
T1770 6081:579 JLINK_IsHalted()  returns FALSE (0001ms, 15076ms total)
T1770 6082:220 JLINK_IsHalted()  returns FALSE (0002ms, 15077ms total)
T1770 6082:862 JLINK_IsHalted()  returns FALSE (0001ms, 15076ms total)
T1770 6083:503 JLINK_IsHalted()  returns FALSE (0002ms, 15077ms total)
T1770 6084:145 JLINK_IsHalted()  returns FALSE (0001ms, 15076ms total)
T1770 6084:786 JLINK_IsHalted()  returns FALSE (0002ms, 15077ms total)
T1770 6085:428 JLINK_IsHalted()  returns FALSE (0001ms, 15076ms total)
T1770 6086:069 JLINK_IsHalted()  returns FALSE (0002ms, 15077ms total)
T1770 6086:711 JLINK_IsHalted()  returns FALSE (0001ms, 15076ms total)
T1770 6087:352 JLINK_IsHalted()  returns FALSE (0002ms, 15077ms total)
T1770 6087:994 JLINK_IsHalted()  returns FALSE (0001ms, 15076ms total)
T1770 6088:635 JLINK_IsHalted()  returns FALSE (0002ms, 15077ms total)
T1770 6089:277 JLINK_IsHalted()  returns FALSE (0001ms, 15076ms total)
T1770 6089:919 JLINK_IsHalted()  returns FALSE (0002ms, 15077ms total)
T1770 6090:561 JLINK_IsHalted()  returns FALSE (0001ms, 15076ms total)
T1770 6091:202 JLINK_IsHalted()  returns FALSE (0002ms, 15077ms total)
T1770 6091:844 JLINK_IsHalted()  returns FALSE (0001ms, 15076ms total)
T1770 6092:485 JLINK_IsHalted()  returns FALSE (0002ms, 15077ms total)
T1770 6093:127 JLINK_IsHalted()  returns FALSE (0001ms, 15076ms total)
T1770 6093:768 JLINK_IsHalted()  returns FALSE (0002ms, 15077ms total)
T1770 6094:410 JLINK_IsHalted()  returns FALSE (0001ms, 15076ms total)
T1770 6095:051 JLINK_IsHalted()  returns FALSE (0002ms, 15077ms total)
T1770 6095:693 JLINK_IsHalted()  returns FALSE (0001ms, 15076ms total)
T1770 6096:334 JLINK_IsHalted()  returns FALSE (0002ms, 15077ms total)
T1770 6096:976 JLINK_IsHalted()  returns FALSE (0001ms, 15076ms total)
T1770 6097:617 JLINK_IsHalted()  returns FALSE (0002ms, 15077ms total)
T1770 6098:259 JLINK_IsHalted()  returns FALSE (0001ms, 15076ms total)
T1770 6098:900 JLINK_IsHalted()  returns FALSE (0002ms, 15077ms total)
T1770 6099:542 JLINK_IsHalted()  returns FALSE (0001ms, 15076ms total)
T1770 6100:183 JLINK_IsHalted()  returns FALSE (0002ms, 15077ms total)
T1770 6100:825 JLINK_IsHalted()  returns FALSE (0001ms, 15076ms total)
T1770 6101:466 JLINK_IsHalted()  returns FALSE (0002ms, 15077ms total)
T1770 6102:108 JLINK_IsHalted()  returns FALSE (0001ms, 15076ms total)
T1770 6102:749 JLINK_IsHalted()  returns FALSE (0002ms, 15077ms total)
T1770 6103:391 JLINK_IsHalted()  returns FALSE (0001ms, 15076ms total)
T1770 6104:032 JLINK_IsHalted()  returns FALSE (0002ms, 15077ms total)
T1770 6104:674 JLINK_IsHalted()  returns FALSE (0001ms, 15076ms total)
T1770 6105:315 JLINK_IsHalted()  returns FALSE (0002ms, 15077ms total)
T1770 6105:957 JLINK_IsHalted()  returns FALSE (0001ms, 15076ms total)
T1770 6106:598 JLINK_IsHalted()  returns FALSE (0002ms, 15077ms total)
T1770 6107:240 JLINK_IsHalted()  returns FALSE (0001ms, 15076ms total)
T1770 6107:882 JLINK_IsHalted()  returns FALSE (0002ms, 15077ms total)
T1770 6108:524 JLINK_IsHalted()  returns FALSE (0001ms, 15076ms total)
T1770 6109:165 JLINK_IsHalted()  returns FALSE (0002ms, 15077ms total)
T1770 6109:807 JLINK_IsHalted()  returns FALSE (0001ms, 15076ms total)
T1770 6110:448 JLINK_IsHalted()  returns FALSE (0002ms, 15077ms total)
T1770 6111:090 JLINK_IsHalted()  returns FALSE (0001ms, 15076ms total)
T1770 6111:731 JLINK_IsHalted()  returns FALSE (0002ms, 15077ms total)
T1770 6112:373 JLINK_IsHalted()  returns FALSE (0001ms, 15076ms total)
T1770 6113:014 JLINK_IsHalted()  returns FALSE (0002ms, 15077ms total)
T1770 6113:656 JLINK_IsHalted()  returns FALSE (0001ms, 15076ms total)
T1770 6114:297 JLINK_IsHalted()  returns FALSE (0002ms, 15077ms total)
T1770 6114:939 JLINK_IsHalted()  returns FALSE (0001ms, 15076ms total)
T1770 6115:580 JLINK_IsHalted()  returns FALSE (0002ms, 15077ms total)
T1770 6116:222 JLINK_IsHalted()  returns FALSE (0001ms, 15076ms total)
T1770 6116:863 JLINK_IsHalted()  returns FALSE (0002ms, 15077ms total)
T1770 6117:505 JLINK_IsHalted()  returns FALSE (0001ms, 15076ms total)
T1770 6118:146 JLINK_IsHalted()  returns FALSE (0002ms, 15077ms total)
T1770 6118:788 JLINK_IsHalted()  returns FALSE (0001ms, 15076ms total)
T1770 6119:429 JLINK_IsHalted()  returns FALSE (0002ms, 15077ms total)
T1770 6120:071 JLINK_IsHalted()  returns FALSE (0001ms, 15076ms total)
T1770 6120:712 JLINK_IsHalted()  returns FALSE (0002ms, 15077ms total)
T1770 6121:354 JLINK_IsHalted()  returns FALSE (0001ms, 15076ms total)
T1770 6121:995 JLINK_IsHalted()  returns FALSE (0002ms, 15077ms total)
T1770 6122:637 JLINK_IsHalted()  returns FALSE (0001ms, 15076ms total)
T1770 6123:278 JLINK_IsHalted()  returns FALSE (0002ms, 15077ms total)
T1770 6123:920 JLINK_IsHalted()  returns FALSE (0001ms, 15076ms total)
T1770 6124:561 JLINK_IsHalted()  returns FALSE (0002ms, 15077ms total)
T1770 6125:204 JLINK_IsHalted()  returns FALSE (0001ms, 15076ms total)
T1770 6125:845 JLINK_IsHalted()  returns FALSE (0002ms, 15077ms total)
T1770 6126:487 JLINK_IsHalted()  returns FALSE (0001ms, 15076ms total)
T1770 6127:128 JLINK_IsHalted()  returns FALSE (0002ms, 15077ms total)
T1770 6127:770 JLINK_IsHalted()  returns FALSE (0001ms, 15076ms total)
T1770 6128:411 JLINK_IsHalted()  returns FALSE (0002ms, 15077ms total)
T1770 6129:053 JLINK_IsHalted()  returns FALSE (0001ms, 15076ms total)
T1770 6129:694 JLINK_IsHalted()  returns FALSE (0002ms, 15077ms total)
T1770 6130:336 JLINK_IsHalted()  returns FALSE (0001ms, 15076ms total)
T1770 6130:977 JLINK_IsHalted()  returns FALSE (0002ms, 15077ms total)
T1770 6131:619 JLINK_IsHalted()  returns FALSE (0001ms, 15076ms total)
T1770 6132:260 JLINK_IsHalted()  returns FALSE (0002ms, 15077ms total)
T1770 6132:902 JLINK_IsHalted()  returns FALSE (0001ms, 15076ms total)
T1770 6133:543 JLINK_IsHalted()  returns FALSE (0002ms, 15077ms total)
T1770 6134:185 JLINK_IsHalted()  returns FALSE (0001ms, 15076ms total)
T1770 6134:826 JLINK_IsHalted()  returns FALSE (0002ms, 15077ms total)
T1770 6135:468 JLINK_IsHalted()  returns FALSE (0001ms, 15076ms total)
T1770 6136:109 JLINK_IsHalted()  returns FALSE (0002ms, 15077ms total)
T1770 6136:751 JLINK_IsHalted()  returns FALSE (0001ms, 15076ms total)
T1770 6137:392 JLINK_IsHalted()  returns FALSE (0002ms, 15077ms total)
T1770 6138:034 JLINK_IsHalted()  returns FALSE (0001ms, 15076ms total)
T1770 6138:675 JLINK_IsHalted()  returns FALSE (0002ms, 15077ms total)
T1770 6139:317 JLINK_IsHalted()  returns FALSE (0001ms, 15076ms total)
T1770 6139:958 JLINK_IsHalted()  returns FALSE (0002ms, 15077ms total)
T1770 6140:600 JLINK_IsHalted()  returns FALSE (0001ms, 15076ms total)
T1770 6141:241 JLINK_IsHalted()  returns FALSE (0002ms, 15077ms total)
T1770 6141:883 JLINK_IsHalted()  returns FALSE (0001ms, 15076ms total)
T1770 6142:525 JLINK_IsHalted()  returns FALSE (0002ms, 15077ms total)
T1770 6143:167 JLINK_IsHalted()  returns FALSE (0001ms, 15076ms total)
T1770 6143:808 JLINK_IsHalted()  returns FALSE (0002ms, 15077ms total)
T1770 6144:450 JLINK_IsHalted()  returns FALSE (0001ms, 15076ms total)
T1770 6145:091 JLINK_IsHalted()  returns FALSE (0002ms, 15077ms total)
T1770 6145:733 JLINK_IsHalted()  returns FALSE (0001ms, 15076ms total)
T1770 6146:374 JLINK_IsHalted()  returns FALSE (0002ms, 15077ms total)
T1770 6147:016 JLINK_IsHalted()  returns FALSE (0001ms, 15076ms total)
T1770 6147:657 JLINK_IsHalted()  returns FALSE (0002ms, 15077ms total)
T1770 6148:299 JLINK_IsHalted()  returns FALSE (0001ms, 15076ms total)
T1770 6148:940 JLINK_IsHalted()  returns FALSE (0002ms, 15077ms total)
T1770 6149:582 JLINK_IsHalted()  returns FALSE (0001ms, 15076ms total)
T1770 6150:223 JLINK_IsHalted()  returns FALSE (0002ms, 15077ms total)
T1770 6150:865 JLINK_IsHalted()  returns FALSE (0001ms, 15076ms total)
T1770 6151:506 JLINK_IsHalted()  returns FALSE (0002ms, 15077ms total)
T1770 6152:148 JLINK_IsHalted()  returns FALSE (0001ms, 15076ms total)
T1770 6152:789 JLINK_IsHalted()  returns FALSE (0002ms, 15077ms total)
T1770 6153:431 JLINK_IsHalted()  returns FALSE (0001ms, 15076ms total)
T1770 6154:072 JLINK_IsHalted()  returns FALSE (0002ms, 15077ms total)
T1770 6154:714 JLINK_IsHalted()  returns FALSE (0001ms, 15076ms total)
T1770 6155:355 JLINK_IsHalted()  returns FALSE (0002ms, 15077ms total)
T1770 6155:997 JLINK_IsHalted()  returns FALSE (0001ms, 15076ms total)
T1770 6156:638 JLINK_IsHalted()  returns FALSE (0002ms, 15077ms total)
T1770 6157:280 JLINK_IsHalted()  returns FALSE (0001ms, 15076ms total)
T1770 6157:921 JLINK_IsHalted()  returns FALSE (0002ms, 15077ms total)
T1770 6158:563 JLINK_IsHalted()  returns FALSE (0001ms, 15076ms total)
T1770 6159:204 JLINK_IsHalted()  returns FALSE (0002ms, 15077ms total)
T1770 6159:847 JLINK_IsHalted()  returns FALSE (0001ms, 15076ms total)
T1770 6160:488 JLINK_IsHalted()  returns FALSE (0002ms, 15077ms total)
T1770 6161:130 JLINK_IsHalted()  returns FALSE (0001ms, 15076ms total)
T1770 6161:771 JLINK_IsHalted()  returns FALSE (0002ms, 15077ms total)
T1770 6162:413 JLINK_IsHalted()  returns FALSE (0001ms, 15076ms total)
T1770 6163:054 JLINK_IsHalted()  returns FALSE (0002ms, 15077ms total)
T1770 6163:696 JLINK_IsHalted()  returns FALSE (0001ms, 15076ms total)
T1770 6164:337 JLINK_IsHalted()  returns FALSE (0002ms, 15077ms total)
T1770 6164:979 JLINK_IsHalted()  returns FALSE (0001ms, 15076ms total)
T1770 6165:620 JLINK_IsHalted()  returns FALSE (0002ms, 15077ms total)
T1770 6166:262 JLINK_IsHalted()  returns FALSE (0001ms, 15076ms total)
T1770 6166:903 JLINK_IsHalted()  returns FALSE (0002ms, 15077ms total)
T1770 6167:545 JLINK_IsHalted()  returns FALSE (0001ms, 15076ms total)
T1770 6168:186 JLINK_IsHalted()  returns FALSE (0002ms, 15077ms total)
T1770 6168:828 JLINK_IsHalted()  returns FALSE (0001ms, 15076ms total)
T1770 6169:469 JLINK_IsHalted()  returns FALSE (0002ms, 15077ms total)
T1770 6170:111 JLINK_IsHalted()  returns FALSE (0001ms, 15076ms total)
T1770 6170:752 JLINK_IsHalted()  returns FALSE (0002ms, 15077ms total)
T1770 6171:394 JLINK_IsHalted()  returns FALSE (0001ms, 15076ms total)
T1770 6172:035 JLINK_IsHalted()  returns FALSE (0002ms, 15077ms total)
T1770 6172:677 JLINK_IsHalted()  returns FALSE (0001ms, 15076ms total)
T1770 6173:318 JLINK_IsHalted()  returns FALSE (0002ms, 15077ms total)
T1770 6173:960 JLINK_IsHalted()  returns FALSE (0001ms, 15076ms total)
T1770 6174:602 JLINK_IsHalted()  returns FALSE (0003ms, 15078ms total)
T1770 6175:245 JLINK_IsHalted()  returns FALSE (0001ms, 15076ms total)
T1770 6175:886 JLINK_IsHalted()  returns FALSE (0002ms, 15077ms total)
T1770 6176:528 JLINK_IsHalted()  returns FALSE (0001ms, 15076ms total)
T1770 6177:169 JLINK_IsHalted()  returns FALSE (0002ms, 15077ms total)
T1770 6177:812 JLINK_IsHalted()  returns FALSE (0001ms, 15076ms total)
T1770 6178:453 JLINK_IsHalted()  returns FALSE (0002ms, 15077ms total)
T1770 6179:095 JLINK_IsHalted()  returns FALSE (0001ms, 15076ms total)
T1770 6179:736 JLINK_IsHalted()  returns FALSE (0002ms, 15077ms total)
T1770 6180:378 JLINK_IsHalted()  returns FALSE (0001ms, 15076ms total)
T1770 6181:019 JLINK_IsHalted()  returns FALSE (0002ms, 15077ms total)
T1770 6181:661 JLINK_IsHalted()  returns FALSE (0001ms, 15076ms total)
T1770 6182:302 JLINK_IsHalted()  returns FALSE (0002ms, 15077ms total)
T1770 6182:944 JLINK_IsHalted()  returns FALSE (0001ms, 15076ms total)
T1770 6183:585 JLINK_IsHalted()  returns FALSE (0002ms, 15077ms total)
T1770 6184:227 JLINK_IsHalted()  returns FALSE (0001ms, 15076ms total)
T1770 6184:868 JLINK_IsHalted()  returns FALSE (0002ms, 15077ms total)
T1770 6185:510 JLINK_IsHalted()  returns FALSE (0001ms, 15076ms total)
T1770 6186:151 JLINK_IsHalted()  returns FALSE (0002ms, 15077ms total)
T1770 6186:793 JLINK_IsHalted()  returns FALSE (0001ms, 15076ms total)
T1770 6187:434 JLINK_IsHalted()  returns FALSE (0002ms, 15077ms total)
T1770 6188:076 JLINK_IsHalted()  returns FALSE (0001ms, 15076ms total)
T1770 6188:717 JLINK_IsHalted()  returns FALSE (0002ms, 15077ms total)
T1770 6189:359 JLINK_IsHalted()  returns FALSE (0001ms, 15076ms total)
T1770 6190:000 JLINK_IsHalted()  returns FALSE (0002ms, 15077ms total)
T1770 6190:642 JLINK_IsHalted()  returns FALSE (0001ms, 15076ms total)
T1770 6191:283 JLINK_IsHalted()  returns FALSE (0002ms, 15077ms total)
T1770 6191:925 JLINK_IsHalted()  returns FALSE (0001ms, 15076ms total)
T1770 6192:566 JLINK_IsHalted()  returns FALSE (0002ms, 15077ms total)
T1770 6193:208 JLINK_IsHalted()  returns FALSE (0001ms, 15076ms total)
T1770 6193:849 JLINK_IsHalted()  returns FALSE (0002ms, 15077ms total)
T1770 6194:491 JLINK_IsHalted()  returns FALSE (0001ms, 15076ms total)
T1770 6195:133 JLINK_IsHalted()  returns FALSE (0002ms, 15077ms total)
T1770 6195:775 JLINK_IsHalted()  returns FALSE (0001ms, 15076ms total)
T2088 6196:199 JLINK_Halt()  returns 0x00 (0005ms, 15080ms total)
T1770 6196:416 JLINK_IsHalted()  returns TRUE (0001ms, 15081ms total)
T1770 6196:417 JLINK_GetMOEs(...) -- CPU_ReadMem(4 bytes @ 0xE000ED30) -- CPU_WriteMem(4 bytes @ 0xE000ED30)  returns 0x01 (0002ms, 15082ms total)
T1770 6196:419 JLINK_ReadReg(R15 (PC))  returns 0x00400C62 (0000ms, 15082ms total)
T120C 6196:420 JLINK_ResetPullsRESET(ON) (0000ms, 15082ms total)
T120C 6196:420 JLINK_ResetNoHalt() >0x2F8 JTAG>TotalIRLen = 4, IRPrint = 0x01 >0x30 JTAG> >0x210 JTAG> >0x70 JTAG> >0x40 JTAG> >0x40 JTAG> >0x40 JTAG> >0x48 JTAG> >0x78 JTAG> >0x40 JTAG> >0x30 JTAG> >0x40 JTAG> >0x40 JTAG> >0x30 JTAG> >0x40 JTAG> >0x48 JTAG>Found Cortex-M4 r0p1, Little endian. -- CPU_WriteMem(4 bytes @ 0xE0002000) -- CPU_ReadMem(4 bytes @ 0xE000EDF0) -- CPU_ReadMem(4 bytes @ 0xE0002000)FPUnit: 6 code (BP) slots and 2 literal slots -- CPU_ReadMem(4 bytes @ 0xE000EDFC)
 -- CPU_ReadMem(4 bytes @ 0xE0001000) -- CPU_ReadMem(4 bytes @ 0xE000ED88) -- CPU_WriteMem(4 bytes @ 0xE000ED88) -- CPU_ReadMem(4 bytes @ 0xE000ED88) -- CPU_WriteMem(4 bytes @ 0xE000ED88)CoreSight components:ROMTbl 0 @ E00FF000 -- CPU_ReadMem(16 bytes @ 0xE00FF000) -- CPU_ReadMem(16 bytes @ 0xE000EFF0) -- CPU_ReadMem(16 bytes @ 0xE000EFE0)ROMTbl 0 [0]: FFF0F000, CID: B105E00D, PID: 000BB000 SCS -- CPU_WriteMem(4 bytes @ 0xE0001000) -- CPU_ReadMem(16 bytes @ 0xE0001FF0)
 -- CPU_ReadMem(16 bytes @ 0xE0001FE0)ROMTbl 0 [1]: FFF02000, CID: B105E00D, PID: 003BB002 DWT -- CPU_ReadMem(16 bytes @ 0xE0002FF0) -- CPU_ReadMem(16 bytes @ 0xE0002FE0)ROMTbl 0 [2]: FFF03000, CID: B105E00D, PID: 002BB003 FPB -- CPU_ReadMem(16 bytes @ 0xE0000FF0) -- CPU_ReadMem(16 bytes @ 0xE0000FE0)ROMTbl 0 [3]: FFF01000, CID: B105E00D, PID: 003BB001 ITM -- CPU_ReadMem(16 bytes @ 0xE00FF010) -- CPU_ReadMem(16 bytes @ 0xE0040FF0) -- CPU_ReadMem(16 bytes @ 0xE0040FE0)
ROMTbl 0 [4]: FFF41000, CID: B105900D, PID: 000BB9A1 TPIU
                JLINK_Reset() -- CPU_ReadMem(16 bytes @ 0x20000000) -- CPU_WriteMem(16 bytes @ 0x20000000) -- CPU_ReadMem(4 bytes @ 0xE000EDFC) -- CPU_WriteMem(4 bytes @ 0xE000EDFC) -- CPU_ReadMem(4 bytes @ 0xE0001000) -- CPU_WriteMem(4 bytes @ 0xE000EDFC) -- CPU_WriteMem(16 bytes @ 0x20000000) -- CPU_WriteMem(4 bytes @ 0xE0002000) -- CPU_ReadMem(4 bytes @ 0xE000EDFC) -- CPU_ReadMem(4 bytes @ 0xE0001000) (0030ms, 0030ms total)
                JLINK_Go() -- CPU_ReadMem(4 bytes @ 0xE0001000) -- CPU_WriteMem(4 bytes @ 0xE0002008) -- CPU_WriteMem(4 bytes @ 0xE000200C) -- CPU_WriteMem(4 bytes @ 0xE0002010) -- CPU_WriteMem(4 bytes @ 0xE0002014) -- CPU_WriteMem(4 bytes @ 0xE0002018) -- CPU_WriteMem(4 bytes @ 0xE000201C) -- CPU_WriteMem(4 bytes @ 0xE0001004) (0009ms, 0039ms total)
               (0079ms, 15161ms total)
T120C 6196:503 JLINK_Close() -- CPU is running -- CPU_WriteMem(4 bytes @ 0xE0002008) -- CPU is running -- CPU_WriteMem(4 bytes @ 0xE000200C) -- CPU is running -- CPU_WriteMem(4 bytes @ 0xE0002010) -- CPU is running -- CPU_WriteMem(4 bytes @ 0xE0002014) -- CPU is running -- CPU_WriteMem(4 bytes @ 0xE0002018) -- CPU is running -- CPU_WriteMem(4 bytes @ 0xE000201C) >0x78 JTAG> >0x08 JTAG> (0012ms, 15173ms total)
T120C 6196:503  (0012ms, 15173ms total)
T120C 6196:503 Closed (0012ms, 15173ms total)
